2026-01-01 22:19:19.549115 - Error: Locator.click: Timeout 30000ms exceeded.
Call log:
  - waiting for locator("table tbody tr").first.locator("td").nth(12).locator("a, button").first
 - Row: 2627282930311234567
2026-01-01 22:19:49.611093 - Error: Locator.click: Timeout 30000ms exceeded.
Call log:
  - waiting for locator("table tbody tr").nth(1).locator("td").nth(12).locator("a, button").first
 - Row: 234567891011121314
2026-01-01 22:20:19.672567 - Error: Locator.click: Timeout 30000ms exceeded.
Call log:
  - waiting for locator("table tbody tr").nth(2).locator("td").nth(12).locator("a, button").first
 - Row: 9101112131415161718192021
2026-01-01 22:22:13.056788 - Error: name 'filename' is not defined - Row: Záró dokumentum (99) / 241800980112317221	2018.03.27. - 2018.03.27.	Semmelweis Egyetem (164482)	Bőrsebészet Szakambulancia (01402020D)	Bottlik Gyula Dr. (38440)	Festéksejtes naevus k.m.n. (D2290)	Letöltés
2026-01-01 22:22:13.267841 - Error: name 'filename' is not defined - Row: Záró dokumentum (99) / 241800980112317221	2018.03.27. - 2018.03.27.	Semmelweis Egyetem (164482)	Bőrsebészet Szakambulancia (01402020D)	Bottlik Gyula Dr. (38440)	Festéksejtes naevus k.m.n. (D2290)	Letöltés
2026-01-01 22:22:13.278531 - Error: name 'filename' is not defined - Row: Záró dokumentum (99) / 241800964985751058	2018.03.26. - 2018.03.26.	Semmelweis Egyetem (164482)	ODK - "C" Labor - Szövettan (001181334)	Hársing Judit Dr. (34171)	Festéksejtes naevus k.m.n. (D2290)	Letöltés
2026-01-01 22:22:13.289391 - Error: name 'filename' is not defined - Row: Záró dokumentum (99) / 241800950002889147	2018.03.23. - 2018.03.23.	Semmelweis Egyetem (164482)	Bőrsebészet Szakambulancia (01402020D)	Bottlik Gyula Dr. (38440)	Festéksejtes naevus k.m.n. (D2290)	Letöltés
2026-01-01 22:22:13.300127 - Error: name 'filename' is not defined - Row: Záró dokumentum (99) / 241801131930090398	2018.01.29. - 2018.01.29.	Semmelweis Egyetem (164482)	Onkodermatológiai Szakambulancia (01402123D)	Kuzmanovszki Daniella dr. (66811)	Festéksejtes naevus k.m.n. (D2290)	Letöltés
2026-01-01 22:22:13.310653 - Error: name 'filename' is not defined - Row: Záró dokumentum (99) / 241801131936631588	2018.01.29. - 2018.01.29.	Semmelweis Egyetem (164482)	Bőrgyógyászat Szakambulancia (0140208AD)	Kuzmanovszki Daniella dr. (66811)	Festéksejtes naevus k.m.n. (D2290)	Letöltés
2026-01-01 22:22:15.149600 - Error: name 'filename' is not defined - Row: Záró dokumentum (99) / 241801128022109168	2018.04.10. - 2018.04.10.	Semmelweis Egyetem (164482)	Bőrsebészet Szakambulancia (01402020D)	Bottlik Gyula Dr. (38440)	Festéksejtes naevus k.m.n. (D2290)	Letöltés
2026-01-01 22:22:15.371519 - Error: name 'filename' is not defined - Row: Záró dokumentum (99) / 241801128022109168	2018.04.10. - 2018.04.10.	Semmelweis Egyetem (164482)	Bőrsebészet Szakambulancia (01402020D)	Bottlik Gyula Dr. (38440)	Festéksejtes naevus k.m.n. (D2290)	Letöltés
2026-01-01 22:22:16.925611 - Error: name 'filename' is not defined - Row: Ambuláns lap (11) / 241804362696831353	2018.12.03. - 2018.12.03.	Szent János Kórház és Észak-budai Egyesített Kórhá (01060J)	Orthopéd szakambulancia (010621000)	Behzad Nadianmehr (73968)	A boka zúzódása (S9000)	Letöltés
2026-01-01 22:22:17.134782 - Error: name 'filename' is not defined - Row: Ambuláns lap (11) / 241804362696831353	2018.12.03. - 2018.12.03.	Szent János Kórház és Észak-budai Egyesített Kórhá (01060J)	Orthopéd szakambulancia (010621000)	Behzad Nadianmehr (73968)	A boka zúzódása (S9000)	Letöltés
2026-01-01 22:22:17.145407 - Error: name 'filename' is not defined - Row: Ambuláns lap (11) / 241804181818115892	2018.11.21. - 2018.11.21.	Szent János Kórház és Észak-budai Egyesített Kórhá (01060J)	Ortopéd-Traumatológia Szakambulancia (010620303)	Behzad Nadianmehr (73968)	A boka zúzódása (S9000)	Letöltés
2026-01-01 22:22:25.793336 - Error: name 'filename' is not defined - Row: Egyéb képalkotó vizsgálat lelete (17) / 242100993501497332	2021.02.22. - 2021.02.22.	Észak-Közép-budai Centrum, Új Szent János Kórház és Szakrendelő (01060J)	Központi Ultrahang (001013941)	Katalin Hidas (40599)	Az alhas egyéb részeire lokalizált fájdalom (R1030)	Letöltés
2026-01-01 22:22:25.986880 - Error: name 'filename' is not defined - Row: Egyéb képalkotó vizsgálat lelete (17) / 242100993501497332	2021.02.22. - 2021.02.22.	Észak-Közép-budai Centrum, Új Szent János Kórház és Szakrendelő (01060J)	Központi Ultrahang (001013941)	Katalin Hidas (40599)	Az alhas egyéb részeire lokalizált fájdalom (R1030)	Letöltés
2026-01-01 22:22:27.487335 - Error: name 'filename' is not defined - Row: COVID-19 Oltási lap (25) / 242104285558036399	2021.06.22. - 2021.06.22.	SZENT KOZMA ÉS DAMJÁN REHABILITÁCIÓS SZAKKÓRHÁZ ÉS GYÓGYFÜRDŐ (Visegrád) (029453)	II. Rehabilitációs medicina alaptevékenységek Osztálya (0108R2272)	KRISZTA NÓRA SÁROSI (41386)	Sine morbo (U9990)	Letöltés
2026-01-01 22:22:27.687001 - Error: name 'filename' is not defined - Row: COVID-19 Oltási lap (25) / 242104285558036399	2021.06.22. - 2021.06.22.	SZENT KOZMA ÉS DAMJÁN REHABILITÁCIÓS SZAKKÓRHÁZ ÉS GYÓGYFÜRDŐ (Visegrád) (029453)	II. Rehabilitációs medicina alaptevékenységek Osztálya (0108R2272)	KRISZTA NÓRA SÁROSI (41386)	Sine morbo (U9990)	Letöltés
2026-01-01 22:22:27.697679 - Error: name 'filename' is not defined - Row: COVID-19 Oltási lap (25) / 242103325149167965	2021.05.18. - 2021.05.18.	SZENT KOZMA ÉS DAMJÁN REHABILITÁCIÓS SZAKKÓRHÁZ ÉS GYÓGYFÜRDŐ (Visegrád) (029453)	II. Rehabilitációs medicina alaptevékenységek Osztálya (0108R2272)	ZOLTÁN LÁSZLÓ TELKES (28157)	Sine morbo (U9990)	Letöltés
2026-01-01 22:22:29.222916 - Error: name 'filename' is not defined - Row: COVID-19 Oltási lap (25) / 242108467197626775	2021.12.06. - 2021.12.06.	BUDAPESTI SZENT FERENC KORHÁZ (Budapest) (220300)	Kardiológiai járóbeteg szakrendelés (001008705)	MELINDA BACSA (76086)	Sine morbo (U9990)	Letöltés
2026-01-01 22:22:29.419157 - Error: name 'filename' is not defined - Row: COVID-19 Oltási lap (25) / 242108467197626775	2021.12.06. - 2021.12.06.	BUDAPESTI SZENT FERENC KORHÁZ (Budapest) (220300)	Kardiológiai járóbeteg szakrendelés (001008705)	MELINDA BACSA (76086)	Sine morbo (U9990)	Letöltés
2026-01-01 22:22:32.660762 - Error: name 'filename' is not defined - Row: Ambuláns lap (11) / 242205549166165851	2022.08.31. - 2022.08.31.	Belvárosi Orvosi Centrum (505918)	Dr. Laki András - ultrahang szakrendelés (001039567)	Dr. Laki András (44830)	Herezacskó varicositas (I8610)	Letöltés
2026-01-01 22:22:32.853649 - Error: name 'filename' is not defined - Row: Ambuláns lap (11) / 242205549166165851	2022.08.31. - 2022.08.31.	Belvárosi Orvosi Centrum (505918)	Dr. Laki András - ultrahang szakrendelés (001039567)	Dr. Laki András (44830)	Herezacskó varicositas (I8610)	Letöltés
2026-01-01 22:22:34.579519 - Error: name 'filename' is not defined - Row: Ambuláns lap (11) / 242302208985805040	2023.04.05. - 2023.04.05.	ZUGLÓI EGÉSZSÉGÜGYI SZOLGÁLAT (340100)	Bőrgyógyászat, Gyermek (340120803)	Erika Taróczy (37323)	Psoriasis, k.m.n. (L4090)	Letöltés
2026-01-01 22:22:34.780634 - Error: name 'filename' is not defined - Row: Ambuláns lap (11) / 242302208985805040	2023.04.05. - 2023.04.05.	ZUGLÓI EGÉSZSÉGÜGYI SZOLGÁLAT (340100)	Bőrgyógyászat, Gyermek (340120803)	Erika Taróczy (37323)	Psoriasis, k.m.n. (L4090)	Letöltés
2026-01-01 22:22:34.790840 - Error: name 'filename' is not defined - Row: Ambuláns lap (11) / 242302171647203453	2023.04.03. - 2023.04.03.	Taróczy-Med Szolgáltató Betéti Társaság (Budapest) (024620)	Bőrgyógyászat (001212050)	Dr.Taróczy Erika Dr.Taróczy Erika (37323)	Tinea unguium (B3510)	Letöltés
2026-01-01 22:22:34.801496 - Error: name 'filename' is not defined - Row: Általános laboratóriumi ellátás lelete (12) / 242302117662549138	2023.03.31. - 2023.04.03.	Észak-Közép-budai Centrum, Új Szent János Kórház és Szakrendelo (01060J)	Synlab Bp. Szt. János Kh. Labor (010625010)	Zsolt Csernák (49817)	Angina pectoris egyéb formái (I2080)	Letöltés
2026-01-01 22:22:34.811856 - Error: name 'filename' is not defined - Row: Egyéb képalkotó vizsgálat lelete (17) / 242301019650926400	2023.02.08. - 2023.02.14.	Észak-Közép-budai Centrum, Új Szent János Kórház és Szakrendelő (01060J)	B röntgen-traumatológia (010625110)	András Székely (29994)	Lúdtalp [pes planus] (szerzett) (M2140)	Letöltés
2026-01-01 22:22:34.821879 - Error: name 'filename' is not defined - Row: Ambuláns lap (11) / 242300919652656604	2023.02.08. - 2023.02.08.	Észak-Közép-budai Centrum, Új Szent János Kórház és Szakrendelő (01060J)	Orthopéd Szakambulancia (010621000)	Ákos Faggyas (50938)	Lúdtalp [pes planus] (szerzett) (M2140)	Letöltés
2026-01-01 22:22:36.350838 - Error: name 'filename' is not defined - Row: Ambuláns lap (11) / 242302208985805040	2023.04.05. - 2023.04.05.	ZUGLÓI EGÉSZSÉGÜGYI SZOLGÁLAT (340100)	Bőrgyógyászat, Gyermek (340120803)	Erika Taróczy (37323)	Psoriasis, k.m.n. (L4090)	Letöltés
2026-01-01 22:22:36.361495 - Error: name 'filename' is not defined - Row: Ambuláns lap (11) / 242302171647203453	2023.04.03. - 2023.04.03.	Taróczy-Med Szolgáltató Betéti Társaság (Budapest) (024620)	Bőrgyógyászat (001212050)	Dr.Taróczy Erika Dr.Taróczy Erika (37323)	Tinea unguium (B3510)	Letöltés
2026-01-01 22:22:36.694115 - Error: name 'filename' is not defined - Row: Ambuláns lap (11) / 242303138467487930	2023.05.16. - 2023.05.16.	Budapesti Szent Ferenc Kórház (220300)	Szt. Ferenc Kardiológiai szakr. (001008705)	Ákos Tury Peregrin (66712)	Palpitatio (R0020)	Letöltés
2026-01-01 22:22:38.241401 - Error: name 'filename' is not defined - Row: Ambuláns lap (11) / 242303138467487930	2023.05.16. - 2023.05.16.	Budapesti Szent Ferenc Kórház (220300)	Szt. Ferenc Kardiológiai szakr. (001008705)	Ákos Tury Peregrin (66712)	Palpitatio (R0020)	Letöltés
2026-01-01 22:22:38.460352 - Error: name 'filename' is not defined - Row: Általános laboratóriumi ellátás lelete (12) / 242401049241765227	2024.02.14. - 2024.02.14.	Synlab Hungary Kft. (113030)	SLH Laboratórium (Budapest IX. kerület) (001067310)	O48902 O48902 (48902)	Vizsgálat: laboratóriumi (Z0170)	Letöltés
2026-01-01 22:22:40.012448 - Error: name 'filename' is not defined - Row: Általános laboratóriumi ellátás lelete (12) / 242404540508685443	2024.07.12. - 2024.07.12.	Synlab Hungary Kft. (113030)	SLH Laboratórium (Budapest IX. kerület) (001067310)	O48902 O48902 (48902)	Vizsgálat: laboratóriumi (Z0170)	Letöltés
2026-01-01 22:22:40.022977 - Error: name 'filename' is not defined - Row: Általános laboratóriumi ellátás lelete (12) / 242404594502592847	2024.07.10. - 2024.07.10.	Synlab Hungary Kft. (113030)	SLH Laboratórium (Budapest IX. kerület) (001067310)	O48902 O48902 (48902)	Vizsgálat: laboratóriumi (Z0170)	Letöltés
2026-01-01 22:22:40.039033 - Error: name 'filename' is not defined - Row: Általános laboratóriumi ellátás lelete (12) / 242404499034670853	2024.07.05. - 2024.07.05.	Synlab Hungary Kft. (113030)	SLH Laboratórium (Budapest IX. kerület) (001067310)	O48902 O48902 (48902)	Vizsgálat: laboratóriumi (Z0170)	Letöltés
2026-01-01 22:22:40.049054 - Error: name 'filename' is not defined - Row: Általános laboratóriumi ellátás lelete (12) / 242402527929823038	2024.04.15. - 2024.04.15.	Synlab Hungary Kft. (113030)	SLH Laboratórium (Budapest IX. kerület) (001067310)	O48902 O48902 (48902)	Vizsgálat: laboratóriumi (Z0170)	Letöltés
2026-01-01 22:22:40.059288 - Error: name 'filename' is not defined - Row: Általános laboratóriumi ellátás lelete (12) / 242401488288891210	2024.03.01. - 2024.03.01.	Synlab Hungary Kft. (113030)	SLH Laboratórium (Budapest IX. kerület) (001067310)	O48902 O48902 (48902)	Vizsgálat: laboratóriumi (Z0170)	Letöltés
2026-01-01 22:22:40.249040 - Error: name 'filename' is not defined - Row: Általános laboratóriumi ellátás lelete (12) / 242404540508685443	2024.07.12. - 2024.07.12.	Synlab Hungary Kft. (113030)	SLH Laboratórium (Budapest IX. kerület) (001067310)	O48902 O48902 (48902)	Vizsgálat: laboratóriumi (Z0170)	Letöltés
2026-01-01 22:22:40.258823 - Error: name 'filename' is not defined - Row: Általános laboratóriumi ellátás lelete (12) / 242404594502592847	2024.07.10. - 2024.07.10.	Synlab Hungary Kft. (113030)	SLH Laboratórium (Budapest IX. kerület) (001067310)	O48902 O48902 (48902)	Vizsgálat: laboratóriumi (Z0170)	Letöltés
2026-01-01 22:22:40.268961 - Error: name 'filename' is not defined - Row: Általános laboratóriumi ellátás lelete (12) / 242404499034670853	2024.07.05. - 2024.07.05.	Synlab Hungary Kft. (113030)	SLH Laboratórium (Budapest IX. kerület) (001067310)	O48902 O48902 (48902)	Vizsgálat: laboratóriumi (Z0170)	Letöltés
2026-01-01 22:22:40.279317 - Error: name 'filename' is not defined - Row: Általános laboratóriumi ellátás lelete (12) / 242402527929823038	2024.04.15. - 2024.04.15.	Synlab Hungary Kft. (113030)	SLH Laboratórium (Budapest IX. kerület) (001067310)	O48902 O48902 (48902)	Vizsgálat: laboratóriumi (Z0170)	Letöltés
2026-01-01 22:22:40.291395 - Error: name 'filename' is not defined - Row: Általános laboratóriumi ellátás lelete (12) / 242401488288891210	2024.03.01. - 2024.03.01.	Synlab Hungary Kft. (113030)	SLH Laboratórium (Budapest IX. kerület) (001067310)	O48902 O48902 (48902)	Vizsgálat: laboratóriumi (Z0170)	Letöltés
2026-01-01 22:22:41.873474 - Error: name 'filename' is not defined - Row: Ambuláns lap (11) / 242405105439869220	2024.08.03. - 2024.08.03.	Taróczy-Med Szolgáltató Betéti Társaság (Budapest) (024620)	Bőrgyógyászat (001212050)	Dr.Taróczy Erika (37323)	Tinea unguium (B3510)	Letöltés
2026-01-01 22:22:42.070168 - Error: name 'filename' is not defined - Row: Ambuláns lap (11) / 242405105439869220	2024.08.03. - 2024.08.03.	Taróczy-Med Szolgáltató Betéti Társaság (Budapest) (024620)	Bőrgyógyászat (001212050)	Dr.Taróczy Erika (37323)	Tinea unguium (B3510)	Letöltés
2026-01-01 22:22:43.549979 - Error: name 'filename' is not defined - Row: Általános laboratóriumi ellátás lelete (12) / 242502034990848497	2025.03.14. - 2025.03.14.	Synlab Hungary Kft. (113030)	SLH Laboratórium (Budapest IX. kerület) (001067310)	O48902 O48902 (48902)	Vizsgálat: laboratóriumi (Z0170)	Letöltés
2026-01-01 22:22:43.754339 - Error: name 'filename' is not defined - Row: Általános laboratóriumi ellátás lelete (12) / 242502034990848497	2025.03.14. - 2025.03.14.	Synlab Hungary Kft. (113030)	SLH Laboratórium (Budapest IX. kerület) (001067310)	O48902 O48902 (48902)	Vizsgálat: laboratóriumi (Z0170)	Letöltés
2026-01-01 22:22:45.283306 - Error: name 'filename' is not defined - Row: Általános laboratóriumi ellátás lelete (12) / 242502034990848497	2025.03.14. - 2025.03.14.	Synlab Hungary Kft. (113030)	SLH Laboratórium (Budapest IX. kerület) (001067310)	O48902 O48902 (48902)	Vizsgálat: laboratóriumi (Z0170)	Letöltés
2026-01-01 22:22:45.500574 - Error: name 'filename' is not defined - Row: Ambuláns lap (11) / 242506271016508665	2025.09.09. - 2025.09.09.	Észak-budai Szent János Centrumkórház (01060J)	KÚT Allergológiai és immunológiai szakrendelés (001371151)	György Temesszentandrási (55446)	Allergia, k.m.n. (T7840)	Letöltés
2026-01-01 22:22:45.511581 - Error: name 'filename' is not defined - Row: Általános laboratóriumi ellátás lelete (strukturált) (42) / 242506169414968346	2025.09.04. - 2025.09.05.	ÉSZAK-BUDAI SZENT JÁNOS CENTRUMKÓRHÁZ (01060J)	Központi laboratóriumi szakrendelés (010625010)	Dr. Zsolt (49817)	Allergia, k.m.n. (T7840)	Letöltés
2026-01-01 22:22:45.522002 - Error: name 'filename' is not defined - Row: Ambuláns lap (11) / 242506138040557013	2025.09.04. - 2025.09.04.	Észak-budai Szent János Centrumkórház (01060J)	KÚT Belgyógyászati szakrendelő II. (001066164)	György Temesszentandrási (55446)	Allergia, k.m.n. (T7840)	Letöltés
2026-01-01 22:22:45.532367 - Error: name 'filename' is not defined - Row: Ambuláns lap (11) / 242506062191844053	2025.09.01. - 2025.09.01.	Észak-budai Szent János Centrumkórház (01060J)	Traumatológiai Szakrendelés (010620301)	Ákos Gera (87711)	A kéz ujj(-ak) nyílt sebe a köröm sérülése nélkül (S6100)	Letöltés
2026-01-01 22:22:45.543863 - Error: name 'filename' is not defined - Row: Ambuláns lap (11) / 242506008065934309	2025.08.29. - 2025.08.29.	Észak-budai Szent János Centrumkórház (01060J)	KÚT Allergológiai és immunológiai szakrendelés (001371151)	György Temesszentandrási (55446)	Allergia, k.m.n. (T7840)	Letöltés
